<?xml version="1.0" encoding="UTF-8"?>
<!-- Generated by org.testng.reporters.JUnitReportReporter -->
<testsuite hostname="DESKTOP-S1V98F3" name="com.Annotations.AnnotationsPractice" tests="1" failures="0" timestamp="4 Dec 2018 23:53:11 GMT" time="0.009" errors="0">
  <testcase name="browserlaunch" time="0.009" classname="com.Annotations.AnnotationsPractice"/>
</testsuite> <!-- com.Annotations.AnnotationsPractice -->
