<?xml version="1.0" encoding="UTF-8"?>
<!-- Generated by org.testng.reporters.JUnitReportReporter -->
<testsuite skipped="0" hostname="DESKTOP-S1V98F3" name="com.NewTours.NewTours_Login_Test" tests="1" failures="0" timestamp="10 Dec 2018 14:27:07 GMT" time="4.146" errors="0">
  <testcase name="LogIn" time="4.146" classname="com.NewTours.NewTours_Login_Test"/>
</testsuite> <!-- com.NewTours.NewTours_Login_Test -->
